2024-03-22 08:58:40,019 [INFO] Activator:176 - 


2024-03-22 08:58:40,024 [INFO] Activator:177 - !SESSION log4j initialized
2024-03-22 08:58:45,171 [ERROR] LogOutputStream:75 - [STDERR_REDIRECT] Warning: NLS unused message: ShowInNavigatorView_label in: org.eclipse.jdt.internal.ui.actions.ActionMessages
2024-03-22 08:58:45,179 [ERROR] LogOutputStream:75 - [STDERR_REDIRECT] Warning: NLS unused message: ShowInNavigatorView_dialog_title in: org.eclipse.jdt.internal.ui.actions.ActionMessages
2024-03-22 08:58:45,188 [ERROR] LogOutputStream:75 - [STDERR_REDIRECT] Warning: NLS unused message: ShowInNavigatorView_dialog_message in: org.eclipse.jdt.internal.ui.actions.ActionMessages
2024-03-22 08:58:45,199 [ERROR] LogOutputStream:75 - [STDERR_REDIRECT] Warning: NLS unused message: ShowInNavigatorView_error_activation_failed in: org.eclipse.jdt.internal.ui.actions.ActionMessages
2024-03-22 08:58:45,208 [ERROR] LogOutputStream:75 - [STDERR_REDIRECT] Warning: NLS unused message: OrganizeImportsAction_error_message in: org.eclipse.jdt.internal.ui.actions.ActionMessages
2024-03-22 08:58:46,245 [INFO] LogOutputStream:77 - [STDOUT_REDIRECT] 
2024-03-22 08:59:34,934 [INFO] ApplicationProperties:184 - Using Application install path: C:\ST\STM32CubeIDE_1.12.0\STM32CubeIDE\plugins\com.st.stm32cube.common.mx_6.11.0.202403141607
2024-03-22 08:59:34,976 [INFO] DbMcusXml:78 - Set database path to: C:\ST\STM32CubeIDE_1.12.0\STM32CubeIDE\plugins\com.st.stm32cube.common.mx_6.11.0.202403141607\\db\/mcu/
2024-03-22 08:59:34,977 [INFO] ApiDb:274 - Set plugin database path to: C:\ST\STM32CubeIDE_1.12.0\STM32CubeIDE\plugins\com.st.stm32cube.common.mx_6.11.0.202403141607\\db\/plugins/boardmanager/
2024-03-22 08:59:34,977 [WARN] ApiDb:259 - Overriding images path with different value:  => C:\ST\STM32CubeIDE_1.12.0\STM32CubeIDE\plugins\com.st.stm32cube.common.mx_6.11.0.202403141607\\db\/plugins/mcufinder/images/
2024-03-22 08:59:34,990 [INFO] ApiDb:250 - Set database path to: C:\Users\hongs\.stmcufinder\plugins\mcufinder//mcu/
2024-03-22 08:59:34,992 [INFO] DbMcusAds:125 - Set database path to: C:\Users\hongs\.stmcufinder\plugins\mcufinder//mcu/
2024-03-22 08:59:35,032 [INFO] CrossReferenceDbSqlite:203 - Set database path to: C:\Users\hongs\.stmcufinder\plugins\mcufinder//mcu/cs/
2024-03-22 08:59:35,311 [INFO] RulesReader:64 - Compatibility file has been processed (297 Rules)
2024-03-22 08:59:35,489 [INFO] DbMcusXml:78 - Set database path to: C:\ST\STM32CubeIDE_1.12.0\STM32CubeIDE\plugins\com.st.stm32cube.common.mx_6.11.0.202403141607\\db\/mcu/
2024-03-22 08:59:35,490 [INFO] ApiDb:274 - Set plugin database path to: C:\ST\STM32CubeIDE_1.12.0\STM32CubeIDE\plugins\com.st.stm32cube.common.mx_6.11.0.202403141607\\db\/plugins/boardmanager/
2024-03-22 08:59:35,490 [INFO] ApiDb:261 - Set plugin images path to: C:\ST\STM32CubeIDE_1.12.0\STM32CubeIDE\plugins\com.st.stm32cube.common.mx_6.11.0.202403141607\\db\/plugins/mcufinder/images/
2024-03-22 08:59:35,490 [WARN] DbFile:41 - Overriding database path with different value: C:\Users\hongs\.stmcufinder\plugins\mcufinder/ => C:\Users\hongs\.stmcufinder\plugins\mcufinder
2024-03-22 08:59:35,491 [INFO] ApiDb:250 - Set database path to: C:\Users\hongs\.stmcufinder\plugins\mcufinder//mcu/
2024-03-22 08:59:35,491 [WARN] DbFile:41 - Overriding database path with different value: C:\Users\hongs\.stmcufinder\plugins\mcufinder/ => C:\Users\hongs\.stmcufinder\plugins\mcufinder
2024-03-22 08:59:35,491 [INFO] DbMcusAds:125 - Set database path to: C:\Users\hongs\.stmcufinder\plugins\mcufinder//mcu/
2024-03-22 08:59:35,491 [WARN] DbFile:41 - Overriding database path with different value: C:\Users\hongs\.stmcufinder\plugins\mcufinder/ => C:\Users\hongs\.stmcufinder\plugins\mcufinder
2024-03-22 08:59:35,491 [WARN] DbFile:41 - Overriding database path with different value: C:\Users\hongs\.stmcufinder\plugins\mcufinder/ => C:\Users\hongs\.stmcufinder\plugins\mcufinder
2024-03-22 08:59:35,491 [INFO] CrossReferenceDbSqlite:203 - Set database path to: C:\Users\hongs\.stmcufinder\plugins\mcufinder//mcu/cs/
2024-03-22 08:59:35,727 [INFO] MainPanel:264 - HeapMemory: 268435456
2024-03-22 08:59:35,886 [INFO] DbMcusXml:78 - Set database path to: C:\ST\STM32CubeIDE_1.12.0\STM32CubeIDE\plugins\com.st.stm32cube.common.mx_6.11.0.202403141607\\db\/mcu/
2024-03-22 08:59:35,886 [INFO] ApiDb:274 - Set plugin database path to: C:\ST\STM32CubeIDE_1.12.0\STM32CubeIDE\plugins\com.st.stm32cube.common.mx_6.11.0.202403141607\\db\/plugins/boardmanager/
2024-03-22 08:59:35,886 [INFO] ApiDb:261 - Set plugin images path to: C:\ST\STM32CubeIDE_1.12.0\STM32CubeIDE\plugins\com.st.stm32cube.common.mx_6.11.0.202403141607\\db\/plugins/mcufinder/images/
2024-03-22 08:59:35,888 [WARN] DbFile:41 - Overriding database path with different value: C:\Users\hongs\.stmcufinder\plugins\mcufinder/ => C:\Users\hongs\.stmcufinder\plugins\mcufinder
2024-03-22 08:59:35,888 [INFO] ApiDb:250 - Set database path to: C:\Users\hongs\.stmcufinder\plugins\mcufinder//mcu/
2024-03-22 08:59:35,888 [WARN] DbFile:41 - Overriding database path with different value: C:\Users\hongs\.stmcufinder\plugins\mcufinder/ => C:\Users\hongs\.stmcufinder\plugins\mcufinder
2024-03-22 08:59:35,889 [INFO] DbMcusAds:125 - Set database path to: C:\Users\hongs\.stmcufinder\plugins\mcufinder//mcu/
2024-03-22 08:59:35,889 [WARN] DbFile:41 - Overriding database path with different value: C:\Users\hongs\.stmcufinder\plugins\mcufinder/ => C:\Users\hongs\.stmcufinder\plugins\mcufinder
2024-03-22 08:59:35,889 [WARN] DbFile:41 - Overriding database path with different value: C:\Users\hongs\.stmcufinder\plugins\mcufinder/ => C:\Users\hongs\.stmcufinder\plugins\mcufinder
2024-03-22 08:59:35,889 [INFO] CrossReferenceDbSqlite:203 - Set database path to: C:\Users\hongs\.stmcufinder\plugins\mcufinder//mcu/cs/
2024-03-22 08:59:35,921 [INFO] ApplicationProperties:184 - Using Application install path: C:\ST\STM32CubeIDE_1.12.0\STM32CubeIDE\plugins\com.st.stm32cube.common.mx_6.11.0.202403141607
2024-03-22 08:59:35,923 [INFO] PluginManage:196 - Search for loadable plugins [exclusion list=, ]
2024-03-22 08:59:35,926 [INFO] PluginManage:310 - Check plugin analytics
2024-03-22 08:59:36,347 [INFO] AnalyticsPlugin:253 - Accepted Software Licenses: STM32CubeMX.6.6.1,STM32CubeMX.6.8.0,STM32CubeMX.6.2.0,STM32CubeMX.6.8.1,STM32CubeMX.6.9.0,STM32CubeMX.6.9.1,STM32CubeMX.6.9.2,STM32CubeMX.6.10.0
2024-03-22 08:59:36,351 [INFO] AnalyticsPlugin:255 - Accepted CMSIS Pack Licenses: STMicroelectronics.X-CUBE-TOUCHGFX.4.21.3,STMicroelectronics.X-CUBE-TOUCHGFX.4.16.0,STMicroelectronics.X-CUBE-TOUCHGFX.4.22.0,STMicroelectronics.X-CUBE-TOUCHGFX.4.22.1,STMicroelectronics.X-CUBE-TOUCHGFX.4.23.0
2024-03-22 08:59:36,351 [INFO] AnalyticsPlugin:257 - Accepted Firmware Licenses: FW.H7.1.10.0,FW.F4.1.27.0,FW.H7.1.11.0,FW.F4.1.28.0
2024-03-22 08:59:36,358 [INFO] PluginManage:359 - Loaded plugin analytics (category:tool,tabindex:-1)
2024-03-22 08:59:36,359 [INFO] PluginManage:310 - Check plugin cadmodel
2024-03-22 08:59:36,367 [INFO] CADModel:105 - Init CAD model plugin
2024-03-22 08:59:36,367 [INFO] PluginManage:359 - Loaded plugin cadmodel (category:power,tabindex:5)
2024-03-22 08:59:36,367 [INFO] PluginManage:310 - Check plugin clock
2024-03-22 08:59:36,386 [INFO] PluginManage:359 - Loaded plugin clock (category:base,tabindex:2)
2024-03-22 08:59:36,388 [INFO] PluginManage:310 - Check plugin ddr
2024-03-22 08:59:36,393 [INFO] PluginManage:359 - Loaded plugin ddr (category:tool,tabindex:6)
2024-03-22 08:59:36,393 [INFO] PluginManage:310 - Check plugin filemanager
2024-03-22 08:59:36,701 [INFO] PluginManage:359 - Loaded plugin filemanager (category:base,tabindex:10)
2024-03-22 08:59:36,701 [INFO] PluginManage:310 - Check plugin ipmanager
2024-03-22 08:59:36,716 [INFO] PluginManage:359 - Loaded plugin ipmanager (category:base,tabindex:5)
2024-03-22 08:59:36,717 [INFO] PluginManage:310 - Check plugin lpbam
2024-03-22 08:59:36,735 [INFO] PluginManage:359 - Loaded plugin lpbam (category:base,tabindex:0)
2024-03-22 08:59:36,736 [INFO] PluginManage:310 - Check plugin memorymap
2024-03-22 08:59:36,765 [INFO] PluginManage:359 - Loaded plugin memorymap (category:base,tabindex:4)
2024-03-22 08:59:36,765 [INFO] PluginManage:310 - Check plugin pinoutandconfiguration
2024-03-22 08:59:36,785 [INFO] PluginManage:359 - Loaded plugin pinoutandconfiguration (category:base,tabindex:1)
2024-03-22 08:59:36,785 [INFO] PluginManage:310 - Check plugin pinoutconfig
2024-03-22 08:59:36,979 [WARN] SupportedApi:132 - Cannot load RTOS API schema: s4s-elt-must-match.1: The content of 'definitions' must match (annotation?, (simpleType | complexType)?, (unique | key | keyref)*)). A problem was found starting at: attribute.
2024-03-22 08:59:37,247 [INFO] PluginManage:359 - Loaded plugin pinoutconfig (category:base,tabindex:0)
2024-03-22 08:59:37,247 [INFO] PluginManage:310 - Check plugin power
2024-03-22 08:59:37,264 [INFO] PluginManage:359 - Loaded plugin power (category:power,tabindex:4)
2024-03-22 08:59:37,265 [INFO] PluginManage:310 - Check plugin projectmanager
2024-03-22 08:59:37,295 [INFO] PluginManage:359 - Loaded plugin projectmanager (category:projectmanager,tabindex:3)
2024-03-22 08:59:37,296 [INFO] PluginManage:310 - Check plugin thirdparty
2024-03-22 08:59:37,579 [WARN] IntegrityCheckThread:84 - waiting for thirdparty lock release [integrity check]
2024-03-22 08:59:37,580 [INFO] PluginManage:359 - Loaded plugin thirdparty (category:base,tabindex:-1)
2024-03-22 08:59:37,580 [INFO] IntegrityCheckThread:86 - entering critical section [integrity check]
2024-03-22 08:59:37,580 [INFO] PluginManage:310 - Check plugin tools
2024-03-22 08:59:37,581 [INFO] ThirdPartyUpdaterWithRetryManager:70 - Updater plugin not ready yet. [1/15]
2024-03-22 08:59:37,586 [INFO] PluginManage:359 - Loaded plugin tools (category:base,tabindex:7)
2024-03-22 08:59:37,587 [INFO] PluginManage:310 - Check plugin tutovideos
2024-03-22 08:59:38,282 [INFO] PluginManage:359 - Loaded plugin tutovideos (category:base,tabindex:-1)
2024-03-22 08:59:38,283 [INFO] PluginManage:310 - Check plugin updater
2024-03-22 08:59:38,336 [INFO] PluginManage:359 - Loaded plugin updater (category:base,tabindex:12)
2024-03-22 08:59:38,336 [INFO] PluginManage:310 - Check plugin userauth
2024-03-22 08:59:38,348 [INFO] UserAuth:114 - Init User Auth plugin
2024-03-22 08:59:38,349 [INFO] PluginManage:359 - Loaded plugin userauth (category:base,tabindex:14)
2024-03-22 08:59:38,352 [INFO] PluginManage:283 - PluginManage : Loaded plugins [17]
2024-03-22 08:59:39,637 [INFO] PinOutPanel:1561 - setPackage(No Configuration,No Configuration)
2024-03-22 08:59:40,012 [INFO] CADModel:165 - CPN selected for project level
2024-03-22 08:59:40,012 [INFO] CADModel:114 - Register for checkConnection events
2024-03-22 08:59:40,062 [INFO] IPUIPlugin:80 - create IPUIPlugin
2024-03-22 08:59:40,063 [INFO] PluginManager:220 - loadIPPluginJar : add adc
2024-03-22 08:59:40,069 [INFO] IPUIPlugin:80 - create IPUIPlugin
2024-03-22 08:59:40,069 [INFO] PluginManager:220 - loadIPPluginJar : add aes
2024-03-22 08:59:40,075 [INFO] IPUIPlugin:80 - create IPUIPlugin
2024-03-22 08:59:40,075 [INFO] PluginManager:220 - loadIPPluginJar : add can
2024-03-22 08:59:40,079 [INFO] IPUIPlugin:80 - create IPUIPlugin
2024-03-22 08:59:40,080 [INFO] PluginManager:220 - loadIPPluginJar : add comp
2024-03-22 08:59:40,084 [INFO] IPUIPlugin:80 - create IPUIPlugin
2024-03-22 08:59:40,084 [INFO] PluginManager:220 - loadIPPluginJar : add cryp
2024-03-22 08:59:40,089 [INFO] IPUIPlugin:80 - create IPUIPlugin
2024-03-22 08:59:40,090 [INFO] PluginManager:220 - loadIPPluginJar : add dfsdm
2024-03-22 08:59:40,100 [INFO] IPUIPlugin:80 - create IPUIPlugin
2024-03-22 08:59:40,101 [INFO] PluginManager:220 - loadIPPluginJar : add dma
2024-03-22 08:59:40,106 [INFO] IPUIPlugin:80 - create IPUIPlugin
2024-03-22 08:59:40,106 [INFO] PluginManager:220 - loadIPPluginJar : add dma3
2024-03-22 08:59:40,111 [INFO] IPUIPlugin:80 - create IPUIPlugin
2024-03-22 08:59:40,111 [INFO] PluginManager:220 - loadIPPluginJar : add extmemmanager
2024-03-22 08:59:40,114 [INFO] IPUIPlugin:80 - create IPUIPlugin
2024-03-22 08:59:40,115 [INFO] PluginManager:220 - loadIPPluginJar : add fatfs
2024-03-22 08:59:40,123 [INFO] IPUIPlugin:80 - create IPUIPlugin
2024-03-22 08:59:40,123 [INFO] PluginManager:220 - loadIPPluginJar : add fmc
2024-03-22 08:59:40,137 [INFO] IPUIPlugin:80 - create IPUIPlugin
2024-03-22 08:59:40,137 [INFO] PluginManager:220 - loadIPPluginJar : add freertos
2024-03-22 08:59:40,140 [INFO] IPUIPlugin:80 - create IPUIPlugin
2024-03-22 08:59:40,140 [INFO] PluginManager:220 - loadIPPluginJar : add genericplugin
2024-03-22 08:59:40,149 [INFO] IPUIPlugin:80 - create IPUIPlugin
2024-03-22 08:59:40,149 [INFO] PluginManager:220 - loadIPPluginJar : add gfxmmu
2024-03-22 08:59:40,165 [INFO] IPUIPlugin:80 - create IPUIPlugin
2024-03-22 08:59:40,165 [INFO] PluginManager:220 - loadIPPluginJar : add gic
2024-03-22 08:59:40,179 [INFO] IPUIPlugin:80 - create IPUIPlugin
2024-03-22 08:59:40,179 [INFO] PluginManager:220 - loadIPPluginJar : add gpio
2024-03-22 08:59:40,187 [INFO] IPUIPlugin:80 - create IPUIPlugin
2024-03-22 08:59:40,187 [INFO] PluginManager:220 - loadIPPluginJar : add gtzc
2024-03-22 08:59:40,194 [INFO] IPUIPlugin:80 - create IPUIPlugin
2024-03-22 08:59:40,194 [INFO] PluginManager:220 - loadIPPluginJar : add hash
2024-03-22 08:59:40,206 [INFO] IPUIPlugin:80 - create IPUIPlugin
2024-03-22 08:59:40,206 [INFO] PluginManager:220 - loadIPPluginJar : add i2c
2024-03-22 08:59:40,219 [INFO] IPUIPlugin:80 - create IPUIPlugin
2024-03-22 08:59:40,222 [INFO] PluginManager:220 - loadIPPluginJar : add i2s
2024-03-22 08:59:40,232 [INFO] IPUIPlugin:80 - create IPUIPlugin
2024-03-22 08:59:40,233 [INFO] PluginManager:220 - loadIPPluginJar : add i3c
2024-03-22 08:59:40,239 [INFO] IPUIPlugin:80 - create IPUIPlugin
2024-03-22 08:59:40,240 [INFO] PluginManager:220 - loadIPPluginJar : add ipddr
2024-03-22 08:59:40,251 [INFO] IPUIPlugin:80 - create IPUIPlugin
2024-03-22 08:59:40,252 [INFO] PluginManager:220 - loadIPPluginJar : add linkedlist
2024-03-22 08:59:40,258 [INFO] IPUIPlugin:80 - create IPUIPlugin
2024-03-22 08:59:40,258 [INFO] PluginManager:220 - loadIPPluginJar : add lorawan
2024-03-22 08:59:40,261 [INFO] IPUIPlugin:80 - create IPUIPlugin
2024-03-22 08:59:40,261 [INFO] PluginManager:220 - loadIPPluginJar : add ltdc
2024-03-22 08:59:40,279 [INFO] IPUIPlugin:80 - create IPUIPlugin
2024-03-22 08:59:40,281 [INFO] PluginManager:220 - loadIPPluginJar : add mdma
2024-03-22 08:59:40,288 [INFO] IPUIPlugin:80 - create IPUIPlugin
2024-03-22 08:59:40,289 [INFO] PluginManager:220 - loadIPPluginJar : add nvic
2024-03-22 08:59:40,294 [INFO] IPUIPlugin:80 - create IPUIPlugin
2024-03-22 08:59:40,294 [INFO] PluginManager:220 - loadIPPluginJar : add opamp
2024-03-22 08:59:40,299 [INFO] IPUIPlugin:80 - create IPUIPlugin
2024-03-22 08:59:40,299 [INFO] PluginManager:220 - loadIPPluginJar : add openamp
2024-03-22 08:59:40,309 [INFO] IPUIPlugin:80 - create IPUIPlugin
2024-03-22 08:59:40,309 [INFO] PluginManager:220 - loadIPPluginJar : add pdm2pcm
2024-03-22 08:59:40,322 [INFO] IPUIPlugin:80 - create IPUIPlugin
2024-03-22 08:59:40,328 [INFO] PluginManager:220 - loadIPPluginJar : add plateformsettings
2024-03-22 08:59:40,332 [INFO] IPUIPlugin:80 - create IPUIPlugin
2024-03-22 08:59:40,332 [INFO] PluginManager:220 - loadIPPluginJar : add quadspi
2024-03-22 08:59:40,338 [INFO] IPUIPlugin:80 - create IPUIPlugin
2024-03-22 08:59:40,339 [INFO] PluginManager:220 - loadIPPluginJar : add resmgrutility
2024-03-22 08:59:40,344 [INFO] IPUIPlugin:80 - create IPUIPlugin
2024-03-22 08:59:40,344 [INFO] PluginManager:220 - loadIPPluginJar : add sai
2024-03-22 08:59:40,348 [INFO] IPUIPlugin:80 - create IPUIPlugin
2024-03-22 08:59:40,349 [INFO] PluginManager:220 - loadIPPluginJar : add spi
2024-03-22 08:59:40,357 [INFO] IPUIPlugin:80 - create IPUIPlugin
2024-03-22 08:59:40,358 [INFO] PluginManager:220 - loadIPPluginJar : add stm32_wpan
2024-03-22 08:59:40,361 [INFO] IPUIPlugin:80 - create IPUIPlugin
2024-03-22 08:59:40,361 [INFO] PluginManager:220 - loadIPPluginJar : add tim
2024-03-22 08:59:40,367 [INFO] IPUIPlugin:80 - create IPUIPlugin
2024-03-22 08:59:40,367 [INFO] PluginManager:220 - loadIPPluginJar : add touchsensing
2024-03-22 08:59:40,370 [INFO] IPUIPlugin:80 - create IPUIPlugin
2024-03-22 08:59:40,371 [INFO] PluginManager:220 - loadIPPluginJar : add tracer_emb
2024-03-22 08:59:40,374 [INFO] IPUIPlugin:80 - create IPUIPlugin
2024-03-22 08:59:40,375 [INFO] PluginManager:220 - loadIPPluginJar : add ts
2024-03-22 08:59:40,378 [INFO] IPUIPlugin:80 - create IPUIPlugin
2024-03-22 08:59:40,378 [INFO] PluginManager:220 - loadIPPluginJar : add tsc
2024-03-22 08:59:40,382 [INFO] IPUIPlugin:80 - create IPUIPlugin
2024-03-22 08:59:40,382 [INFO] PluginManager:220 - loadIPPluginJar : add ucpd
2024-03-22 08:59:40,387 [INFO] IPUIPlugin:80 - create IPUIPlugin
2024-03-22 08:59:40,388 [INFO] PluginManager:220 - loadIPPluginJar : add usart
2024-03-22 08:59:40,393 [INFO] IPUIPlugin:80 - create IPUIPlugin
2024-03-22 08:59:40,393 [INFO] PluginManager:220 - loadIPPluginJar : add usbx
2024-03-22 08:59:40,585 [INFO] ThirdPartyUpdaterWithRetryManager:70 - Updater plugin not ready yet. [2/15]
2024-03-22 08:59:40,613 [INFO] CADModel:165 - CPN selected for project level
2024-03-22 08:59:40,613 [INFO] CADModel:114 - Register for checkConnection events
2024-03-22 08:59:40,613 [FATAL] Updater:308 - Updater called before beeing initialized
2024-03-22 08:59:40,615 [ERROR] CADModel:125 - Updater not yet initialized, retry later 
2024-03-22 08:59:40,929 [INFO] CADModel:165 - CPN selected for project level
2024-03-22 08:59:40,929 [INFO] CADModel:114 - Register for checkConnection events
2024-03-22 08:59:40,929 [FATAL] Updater:308 - Updater called before beeing initialized
2024-03-22 08:59:40,929 [ERROR] CADModel:125 - Updater not yet initialized, retry later 
2024-03-22 08:59:40,936 [FATAL] Updater:308 - Updater called before beeing initialized
